<?xml version="1.0" encoding="UTF-8"?>
<testsuite xmlns:xsi="http://www.w3.org/2001/XMLSchema-instance" xsi:noNamespaceSchemaLocation="https://maven.apache.org/surefire/maven-surefire-plugin/xsd/surefire-test-report.xsd" name="org.honorcloud.common.AppTest" time="0.088" tests="1" errors="0" skipped="0" failures="0">
  <properties>
    <property name="sun.desktop" value="windows"/>
    <property name="awt.toolkit" value="sun.awt.windows.WToolkit"/>
    <property name="file.encoding.pkg" value="sun.io"/>
    <property name="java.specification.version" value="1.8"/>
    <property name="sun.cpu.isalist" value="amd64"/>
    <property name="sun.jnu.encoding" value="GBK"/>
    <property name="java.class.path" value="E:\eclipse-workspace\eclipse-workspace-practise200225\honorcloud\honorcloud-common\target\test-classes;E:\eclipse-workspace\eclipse-workspace-practise200225\honorcloud\honorcloud-common\target\classes;E:\repository\junit\junit\4.12\junit-4.12.jar;E:\repository\org\hamcrest\hamcrest-core\1.3\hamcrest-core-1.3.jar;"/>
    <property name="java.vm.vendor" value="Oracle Corporation"/>
    <property name="sun.arch.data.model" value="64"/>
    <property name="user.variant" value=""/>
    <property name="java.vendor.url" value="http://java.oracle.com/"/>
    <property name="user.timezone" value=""/>
    <property name="java.vm.specification.version" value="1.8"/>
    <property name="os.name" value="Windows 10"/>
    <property name="user.country" value="CN"/>
    <property name="sun.java.launcher" value="SUN_STANDARD"/>
    <property name="sun.boot.library.path" value="E:\java\jdk1.8.0_77\jre\bin"/>
    <property name="sun.java.command" value="C:\Users\sumoon\AppData\Local\Temp\surefire2825968881473791927\surefirebooter1534992974174914635.jar C:\Users\sumoon\AppData\Local\Temp\surefire2825968881473791927 2020-03-09T07-47-23_781-jvmRun1 surefire5703984308915914981tmp surefire_0705071441777973656tmp"/>
    <property name="surefire.test.class.path" value="E:\eclipse-workspace\eclipse-workspace-practise200225\honorcloud\honorcloud-common\target\test-classes;E:\eclipse-workspace\eclipse-workspace-practise200225\honorcloud\honorcloud-common\target\classes;E:\repository\junit\junit\4.12\junit-4.12.jar;E:\repository\org\hamcrest\hamcrest-core\1.3\hamcrest-core-1.3.jar;"/>
    <property name="sun.cpu.endian" value="little"/>
    <property name="user.home" value="C:\Users\sumoon"/>
    <property name="user.language" value="zh"/>
    <property name="java.specification.vendor" value="Oracle Corporation"/>
    <property name="java.home" value="E:\java\jdk1.8.0_77\jre"/>
    <property name="basedir" value="E:\eclipse-workspace\eclipse-workspace-practise200225\honorcloud\honorcloud-common"/>
    <property name="file.separator" value="\"/>
    <property name="line.separator" value="&#10;"/>
    <property name="java.vm.specification.vendor" value="Oracle Corporation"/>
    <property name="java.specification.name" value="Java Platform API Specification"/>
    <property name="java.awt.graphicsenv" value="sun.awt.Win32GraphicsEnvironment"/>
    <property name="surefire.real.class.path" value="C:\Users\sumoon\AppData\Local\Temp\surefire2825968881473791927\surefirebooter1534992974174914635.jar"/>
    <property name="sun.boot.class.path" value="E:\java\jdk1.8.0_77\jre\lib\resources.jar;E:\java\jdk1.8.0_77\jre\lib\rt.jar;E:\java\jdk1.8.0_77\jre\lib\sunrsasign.jar;E:\java\jdk1.8.0_77\jre\lib\jsse.jar;E:\java\jdk1.8.0_77\jre\lib\jce.jar;E:\java\jdk1.8.0_77\jre\lib\charsets.jar;E:\java\jdk1.8.0_77\jre\lib\jfr.jar;E:\java\jdk1.8.0_77\jre\classes"/>
    <property name="user.script" value=""/>
    <property name="sun.management.compiler" value="HotSpot 64-Bit Tiered Compilers"/>
    <property name="java.runtime.version" value="1.8.0_77-b03"/>
    <property name="user.name" value="sumoon"/>
    <property name="path.separator" value=";"/>
    <property name="os.version" value="10.0"/>
    <property name="java.endorsed.dirs" value="E:\java\jdk1.8.0_77\jre\lib\endorsed"/>
    <property name="java.runtime.name" value="Java(TM) SE Runtime Environment"/>
    <property name="file.encoding" value="GBK"/>
    <property name="java.vm.name" value="Java HotSpot(TM) 64-Bit Server VM"/>
    <property name="localRepository" value="E:\repository"/>
    <property name="java.vendor.url.bug" value="http://bugreport.sun.com/bugreport/"/>
    <property name="java.io.tmpdir" value="C:\Users\sumoon\AppData\Local\Temp\"/>
    <property name="java.version" value="1.8.0_77"/>
    <property name="user.dir" value="E:\eclipse-workspace\eclipse-workspace-practise200225\honorcloud\honorcloud-common"/>
    <property name="os.arch" value="amd64"/>
    <property name="java.vm.specification.name" value="Java Virtual Machine Specification"/>
    <property name="java.awt.printerjob" value="sun.awt.windows.WPrinterJob"/>
    <property name="sun.os.patch.level" value=""/>
    <property name="java.library.path" value="E:\java\jdk1.8.0_77\jre\bin;C:\Windows\Sun\Java\bin;C:\Windows\system32;C:\Windows;E:/java/jdk1.8.0_77/bin/../jre/bin/server;E:/java/jdk1.8.0_77/bin/../jre/bin;E:/java/jdk1.8.0_77/bin/../jre/lib/amd64;C:\Windows\system32;C:\Windows;C:\Windows\System32\Wbem;C:\Windows\System32\WindowsPowerShell\v1.0\;C:\Windows\System32\OpenSSH\;E:\java\jdk1.8.0_77\bin;E:\java\jdk1.8.0_77\jre\bin;C:\Users\sumoon\AppData\Local\Microsoft\WindowsApps;;E:\Microsoft VS Code\bin;C:\Windows\System32;;."/>
    <property name="java.vm.info" value="mixed mode"/>
    <property name="java.vendor" value="Oracle Corporation"/>
    <property name="java.vm.version" value="25.77-b03"/>
    <property name="java.ext.dirs" value="E:\java\jdk1.8.0_77\jre\lib\ext;C:\Windows\Sun\Java\lib\ext"/>
    <property name="sun.io.unicode.encoding" value="UnicodeLittle"/>
    <property name="java.class.version" value="52.0"/>
  </properties>
  <testcase name="testApp" classname="org.honorcloud.common.AppTest" time="0.001"/>
</testsuite>